<?xml version="1.0" encoding="UTF-8"?>
<!-- Generated by org.testng.reporters.JUnitReportReporter -->
<testsuite hostname="Robin" failures="0" tests="1" name="TestCases.PropertyExample" time="0.016" errors="0" timestamp="06 Nov 2021 13:36:45 GMT" skipped="0">
  <testcase classname="TestCases.PropertyExample" name="f" time="0.016"/>
</testsuite> <!-- TestCases.PropertyExample -->
