<?xml version="1.0" encoding="UTF-8"?>
<!-- Generated by org.testng.reporters.JUnitReportReporter -->
<testsuite hostname="Robin" failures="0" tests="2" name="TestCases.TC_001_Integration" time="11.516" errors="0" timestamp="23 Nov 2021 09:59:07 GMT" skipped="0">
  <testcase classname="TestCases.TC_001_Integration" name="TC_001_loginandVerify" time="7.749"/>
  <testcase classname="TestCases.TC_001_Integration" name="TC_001_loginandVerify" time="3.767"/>
</testsuite> <!-- TestCases.TC_001_Integration -->
