<?xml version="1.0" encoding="UTF-8"?>
<!-- Generated by org.testng.reporters.JUnitReportReporter -->
<testsuite hostname="Robin" failures="0" tests="1" name="TestCase.ScollbyElementVisible" time="8.103" errors="0" timestamp="03 Nov 2021 11:05:10 GMT" skipped="0">
  <testcase classname="TestCase.ScollbyElementVisible" name="f" time="8.103"/>
</testsuite> <!-- TestCase.ScollbyElementVisible -->
