<?xml version="1.0" encoding="UTF-8"?>
<!-- Generated by org.testng.reporters.JUnitReportReporter -->
<testsuite hostname="Robin" failures="0" tests="1" name="TestCase.ScorllbyElementVisibleHorizantlly" time="6.678" errors="0" timestamp="03 Nov 2021 11:29:38 GMT" skipped="0">
  <testcase classname="TestCase.ScorllbyElementVisibleHorizantlly" name="f" time="6.678"/>
</testsuite> <!-- TestCase.ScorllbyElementVisibleHorizantlly -->
