<?xml version="1.0" encoding="UTF-8"?>
<!-- Generated by org.testng.reporters.JUnitReportReporter -->
<testsuite hostname="Robin" failures="0" tests="2" name="TestCases.TC_001_Integration" time="8.376" errors="0" timestamp="19 Nov 2021 16:47:34 GMT" skipped="0">
  <testcase classname="TestCases.TC_001_Integration" name="TC_001_loginandVerify" time="3.613"/>
  <testcase classname="TestCases.TC_001_Integration" name="TC_001_loginandVerify" time="4.763"/>
</testsuite> <!-- TestCases.TC_001_Integration -->
