<?xml version="1.0" encoding="UTF-8"?>
<!-- Generated by org.testng.reporters.JUnitReportReporter -->
<testsuite hostname="Robin" failures="0" tests="1" name="TestCase.NewTest" time="0.015" errors="0" timestamp="03 Nov 2021 12:47:58 GMT" skipped="0">
  <testcase classname="TestCase.NewTest" name="f" time="0.015"/>
</testsuite> <!-- TestCase.NewTest -->
