<?xml version="1.0" encoding="UTF-8"?>
<!-- Generated by org.testng.reporters.JUnitReportReporter -->
<testsuite hostname="Robin" failures="0" tests="1" name="TestCases.TC_001" time="8.649" errors="0" timestamp="11 Nov 2021 21:06:06 GMT" skipped="0">
  <testcase classname="TestCases.TC_001" name="TC_002_loginandVerify" time="8.649"/>
</testsuite> <!-- TestCases.TC_001 -->
