<?xml version="1.0" encoding="UTF-8"?>
<!-- Generated by org.testng.reporters.JUnitReportReporter -->
<testsuite hostname="Robin" failures="0" tests="1" name="TestCase.Proclasstest" time="0.016" errors="0" timestamp="03 Nov 2021 12:21:16 GMT" skipped="0">
  <testcase classname="TestCase.Proclasstest" name="f" time="0.016"/>
</testsuite> <!-- TestCase.Proclasstest -->
