<?xml version="1.0" encoding="UTF-8"?>
<!-- Generated by org.testng.reporters.JUnitReportReporter -->
<testsuite hostname="Robin" failures="0" tests="1" name="TestCases.TC_001_VerifyLogin" time="4.946" errors="0" timestamp="06 Nov 2021 13:33:48 GMT" skipped="0">
  <testcase classname="TestCases.TC_001_VerifyLogin" name="f" time="4.946"/>
</testsuite> <!-- TestCases.TC_001_VerifyLogin -->
