<?xml version="1.0" encoding="UTF-8"?>
<!-- Generated by org.testng.reporters.JUnitReportReporter -->
<testsuite hostname="Robin" failures="0" tests="2" name="TestCases.TC_001_Integration" time="7.720" errors="0" timestamp="19 Nov 2021 14:17:44 GMT" skipped="0">
  <testcase classname="TestCases.TC_001_Integration" name="TC_001_loginandVerify" time="3.461"/>
  <testcase classname="TestCases.TC_001_Integration" name="TC_001_loginandVerify" time="4.259"/>
</testsuite> <!-- TestCases.TC_001_Integration -->
