<?xml version="1.0" encoding="UTF-8"?>
<!-- Generated by org.testng.reporters.JUnitReportReporter -->
<testsuite hostname="Robin" failures="0" tests="1" name="TestCase.PropertyExample" time="0.034" errors="0" timestamp="03 Nov 2021 12:47:25 GMT" skipped="0">
  <testcase classname="TestCase.PropertyExample" name="f" time="0.034"/>
</testsuite> <!-- TestCase.PropertyExample -->
