<?xml version="1.0" encoding="UTF-8"?>
<!-- Generated by org.testng.reporters.JUnitReportReporter -->
<testsuite hostname="Robin" failures="0" tests="1" name="TestCase.Test_ActionClassBuild" time="5.258" errors="0" timestamp="03 Nov 2021 17:54:31 GMT" skipped="0">
  <testcase classname="TestCase.Test_ActionClassBuild" name="f" time="5.258"/>
</testsuite> <!-- TestCase.Test_ActionClassBuild -->
