<?xml version="1.0" encoding="UTF-8"?>
<!-- Generated by org.testng.reporters.JUnitReportReporter -->
<testsuite hostname="Robin" failures="0" tests="1" name="TestCase.TC_001_VerifyLogin" time="3.976" errors="0" timestamp="03 Nov 2021 09:58:12 GMT" skipped="0">
  <testcase classname="TestCase.TC_001_VerifyLogin" name="f" time="3.976"/>
</testsuite> <!-- TestCase.TC_001_VerifyLogin -->
