<?xml version="1.0" encoding="UTF-8"?>
<!-- Generated by org.testng.reporters.JUnitReportReporter -->
<testsuite hostname="Robin" failures="0" tests="1" name="TestCases.TC_001_VerifyLogin" time="4.744" errors="0" timestamp="18 Nov 2021 19:56:57 GMT" skipped="0">
  <testcase classname="TestCases.TC_001_VerifyLogin" name="f" time="4.744"/>
</testsuite> <!-- TestCases.TC_001_VerifyLogin -->
