<?xml version="1.0" encoding="UTF-8"?>
<!-- Generated by org.testng.reporters.JUnitReportReporter -->
<testsuite hostname="Robin" failures="0" tests="1" name="TestCase.ChildWindow" time="6.750" errors="0" timestamp="03 Nov 2021 21:31:26 GMT" skipped="0">
  <testcase classname="TestCase.ChildWindow" name="f" time="6.750"/>
</testsuite> <!-- TestCase.ChildWindow -->
