<?xml version="1.0" encoding="UTF-8"?>
<!-- Generated by org.testng.reporters.JUnitReportReporter -->
<testsuite hostname="Robin" failures="0" tests="1" name="TestCases.TC_002" time="11.641" errors="0" timestamp="11 Nov 2021 21:04:37 GMT" skipped="0">
  <testcase classname="TestCases.TC_002" name="TC_001_loginandVerify" time="11.641"/>
</testsuite> <!-- TestCases.TC_002 -->
