<?xml version="1.0" encoding="UTF-8"?>
<!-- Generated by org.testng.reporters.JUnitReportReporter -->
<testsuite hostname="Robin" failures="0" tests="1" name="TestCases.TC_001" time="11.138" errors="0" timestamp="06 Nov 2021 15:29:18 GMT" skipped="0">
  <testcase classname="TestCases.TC_001" name="f" time="11.138"/>
</testsuite> <!-- TestCases.TC_001 -->
