<?xml version="1.0" encoding="UTF-8"?>
<!-- Generated by org.testng.reporters.JUnitReportReporter -->
<testsuite hostname="Robin" failures="0" tests="1" name="TestCase.Test_Screenshot" time="6.415" errors="0" timestamp="03 Nov 2021 14:37:45 GMT" skipped="0">
  <testcase classname="TestCase.Test_Screenshot" name="f" time="6.415"/>
</testsuite> <!-- TestCase.Test_Screenshot -->
