<?xml version="1.0" encoding="UTF-8"?>
<!-- Generated by org.testng.reporters.JUnitReportReporter -->
<testsuite skipped="0" hostname="Robin" name="TestCases.TC_001" tests="1" failures="0" timestamp="11 Nov 2021 22:41:45 GMT" time="15.127" errors="0">
  <testcase name="TC_002_loginandVerify" time="15.127" classname="TestCases.TC_001"/>
</testsuite> <!-- TestCases.TC_001 -->
