<?xml version="1.0" encoding="UTF-8"?>
<!-- Generated by org.testng.reporters.JUnitReportReporter -->
<testsuite skipped="0" hostname="Robin" name="TestCases.TC_002" tests="1" failures="0" timestamp="11 Nov 2021 22:41:45 GMT" time="11.881" errors="0">
  <testcase name="TC_001_loginandVerify" time="11.881" classname="TestCases.TC_002"/>
</testsuite> <!-- TestCases.TC_002 -->
