<?xml version="1.0" encoding="UTF-8"?>
<!-- Generated by org.testng.reporters.JUnitReportReporter -->
<testsuite skipped="0" hostname="Robin" name="TestCases.TC_001_Integration" tests="2" failures="0" timestamp="19 Nov 2021 15:45:27 GMT" time="15.000" errors="0">
  <testcase name="TC_001_loginandVerify" time="3.405" classname="TestCases.TC_001_Integration"/>
  <testcase name="TC_001_loginandVerify" time="11.595" classname="TestCases.TC_001_Integration"/>
</testsuite> <!-- TestCases.TC_001_Integration -->
